CustomerApp/android/app/build/intermediates/manifest_merge_blame_file/debug/manifest-merger-blame-debug-report.txt
1<?xml version="1.0" encoding="utf-8"?>
2<manifest xmlns:android="http://schemas.android.com/apk/res/android"
3    package="com.customerapp"
4    android:versionCode="1"
5    android:versionName="1.0" >
6
7    <uses-sdk
8        android:minSdkVersion="21"
9        android:targetSdkVersion="34" />
10
11    <uses-permission android:name="android.permission.INTERNET" />
11-->src\main\AndroidManifest.xml:3:5-67
11-->src\main\AndroidManifest.xml:3:22-64
12    <uses-permission android:name="android.permission.ACCESS_FINE_LOCATION" />
12-->src\main\AndroidManifest.xml:4:5-79
12-->src\main\AndroidManifest.xml:4:22-76
13    <uses-permission android:name="android.permission.ACCESS_COARSE_LOCATION" />
13-->src\main\AndroidManifest.xml:5:5-81
13-->src\main\AndroidManifest.xml:5:22-78
14    <uses-permission android:name="android.permission.WAKE_LOCK" />
14-->[:react-native-firebase_messaging] AndroidManifest.xml:8:5-68
14-->[:react-native-firebase_messaging] AndroidManifest.xml:8:22-65
15    <uses-permission android:name="android.permission.ACCESS_NETWORK_STATE" />
15-->[:react-native-firebase_messaging] AndroidManifest.xml:9:5-79
15-->[:react-native-firebase_messaging] AndroidManifest.xml:9:22-76
16    <!--
17    This manifest file is used only by Gradle to configure debug-only capabilities
18    for React Native Apps.
19    -->
20    <uses-permission android:name="android.permission.SYSTEM_ALERT_WINDOW" />
20-->[com.facebook.react:react-android:0.73.6] AndroidManifest.xml:16:5-78
20-->[com.facebook.react:react-android:0.73.6] AndroidManifest.xml:16:22-75
21    <uses-permission android:name="android.permission.POST_NOTIFICATIONS" /> <!-- Required by older versions of Google Play services to create IID tokens -->
21-->[com.google.firebase:firebase-messaging:23.4.0] AndroidManifest.xml:23:5-77
21-->[com.google.firebase:firebase-messaging:23.4.0] AndroidManifest.xml:23:22-74
22    <uses-permission android:name="com.google.android.c2dm.permission.RECEIVE" />
22-->[com.google.firebase:firebase-messaging:23.4.0] AndroidManifest.xml:26:5-82
22-->[com.google.firebase:firebase-messaging:23.4.0] AndroidManifest.xml:26:22-79
23
24    <queries>
24-->[com.razorpay:standard-core:1.7.1] AndroidManifest.xml:10:5-39:15
25        <intent>
25-->[com.razorpay:standard-core:1.7.1] AndroidManifest.xml:11:9-17:18
26            <action android:name="android.intent.action.VIEW" />
26-->[com.razorpay:standard-core:1.7.1] AndroidManifest.xml:12:13-65
26-->[com.razorpay:standard-core:1.7.1] AndroidManifest.xml:12:21-62
27
28            <data
28-->[com.razorpay:standard-core:1.7.1] AndroidManifest.xml:14:13-16:38
29                android:mimeType="*/*"
29-->[com.razorpay:standard-core:1.7.1] AndroidManifest.xml:15:17-39
30                android:scheme="*" />
30-->[com.razorpay:standard-core:1.7.1] AndroidManifest.xml:16:17-35
31        </intent>
32        <intent>
32-->[com.razorpay:standard-core:1.7.1] AndroidManifest.xml:18:9-27:18
33            <action android:name="android.intent.action.VIEW" />
33-->[com.razorpay:standard-core:1.7.1] AndroidManifest.xml:12:13-65
33-->[com.razorpay:standard-core:1.7.1] AndroidManifest.xml:12:21-62
34
35            <category android:name="android.intent.category.BROWSABLE" />
35-->[com.razorpay:standard-core:1.7.1] AndroidManifest.xml:21:13-74
35-->[com.razorpay:standard-core:1.7.1] AndroidManifest.xml:21:23-71
36
37            <data
37-->[com.razorpay:standard-core:1.7.1] AndroidManifest.xml:14:13-16:38
38                android:host="pay"
39                android:mimeType="*/*"
39-->[com.razorpay:standard-core:1.7.1] AndroidManifest.xml:15:17-39
40                android:scheme="upi" />
40-->[com.razorpay:standard-core:1.7.1] AndroidManifest.xml:16:17-35
41        </intent>
42        <intent>
42-->[com.razorpay:standard-core:1.7.1] AndroidManifest.xml:28:9-30:18
43            <action android:name="android.intent.action.MAIN" />
43-->src\main\AndroidManifest.xml:23:13-65
43-->src\main\AndroidManifest.xml:23:21-62
44        </intent>
45        <intent>
45-->[com.razorpay:standard-core:1.7.1] AndroidManifest.xml:31:9-35:18
46            <action android:name="android.intent.action.SEND" />
46-->[com.razorpay:standard-core:1.7.1] AndroidManifest.xml:32:13-65
46-->[com.razorpay:standard-core:1.7.1] AndroidManifest.xml:32:21-62
47
48            <data android:mimeType="*/*" />
48-->[com.razorpay:standard-core:1.7.1] AndroidManifest.xml:14:13-16:38
48-->[com.razorpay:standard-core:1.7.1] AndroidManifest.xml:15:17-39
49        </intent>
50        <intent>
50-->[com.razorpay:standard-core:1.7.1] AndroidManifest.xml:36:9-38:18
51            <action android:name="rzp.device_token.share" />
51-->[com.razorpay:standard-core:1.7.1] AndroidManifest.xml:37:13-61
51-->[com.razorpay:standard-core:1.7.1] AndroidManifest.xml:37:21-58
52        </intent>
53    </queries>
54
55    <uses-feature
55-->[com.google.android.gms:play-services-maps:17.0.0] AndroidManifest.xml:26:5-28:35
56        android:glEsVersion="0x00020000"
56-->[com.google.android.gms:play-services-maps:17.0.0] AndroidManifest.xml:27:9-41
57        android:required="true" />
57-->[com.google.android.gms:play-services-maps:17.0.0] AndroidManifest.xml:28:9-32
58
59    <permission
59-->[androidx.core:core:1.9.0] AndroidManifest.xml:22:5-24:47
60        android:name="com.customerapp.DYNAMIC_RECEIVER_NOT_EXPORTED_PERMISSION"
60-->[androidx.core:core:1.9.0] AndroidManifest.xml:23:9-81
61        android:protectionLevel="signature" />
61-->[androidx.core:core:1.9.0] AndroidManifest.xml:24:9-44
62
63    <uses-permission android:name="com.customerapp.DYNAMIC_RECEIVER_NOT_EXPORTED_PERMISSION" />
63-->[androidx.core:core:1.9.0] AndroidManifest.xml:26:5-97
63-->[androidx.core:core:1.9.0] AndroidManifest.xml:26:22-94
64    <uses-permission android:name="android.permission.READ_PHONE_STATE" />
64-->[com.razorpay:core:1.0.1] AndroidManifest.xml:9:5-75
64-->[com.razorpay:core:1.0.1] AndroidManifest.xml:9:22-72
65
66    <application
66-->src\main\AndroidManifest.xml:7:5-27:19
67        android:name="com.customerapp.MainApplication"
67-->src\main\AndroidManifest.xml:8:7-38
68        android:allowBackup="false"
68-->src\main\AndroidManifest.xml:12:7-34
69        android:appComponentFactory="androidx.core.app.CoreComponentFactory"
69-->[androidx.core:core:1.9.0] AndroidManifest.xml:28:18-86
70        android:debuggable="true"
71        android:extractNativeLibs="true"
72        android:icon="@mipmap/ic_launcher"
72-->src\main\AndroidManifest.xml:10:7-41
73        android:label="@string/app_name"
73-->src\main\AndroidManifest.xml:9:7-39
74        android:roundIcon="@mipmap/ic_launcher_round"
74-->src\main\AndroidManifest.xml:11:7-52
75        android:theme="@style/AppTheme"
75-->src\main\AndroidManifest.xml:14:7-38
76        android:usesCleartextTraffic="true" >
76-->src\main\AndroidManifest.xml:13:7-42
77        <activity
77-->src\main\AndroidManifest.xml:15:7-26:18
78            android:name="com.customerapp.MainActivity"
78-->src\main\AndroidManifest.xml:16:9-37
79            android:configChanges="keyboard|keyboardHidden|orientation|screenLayout|screenSize|smallestScreenSize|uiMode"
79-->src\main\AndroidManifest.xml:18:9-118
80            android:exported="true"
80-->src\main\AndroidManifest.xml:21:9-32
81            android:label="@string/app_name"
81-->src\main\AndroidManifest.xml:17:9-41
82            android:launchMode="singleTask"
82-->src\main\AndroidManifest.xml:19:9-40
83            android:windowSoftInputMode="adjustResize" >
83-->src\main\AndroidManifest.xml:20:9-51
84            <intent-filter>
84-->src\main\AndroidManifest.xml:22:9-25:25
85                <action android:name="android.intent.action.MAIN" />
85-->src\main\AndroidManifest.xml:23:13-65
85-->src\main\AndroidManifest.xml:23:21-62
86
87                <category android:name="android.intent.category.LAUNCHER" />
87-->src\main\AndroidManifest.xml:24:13-73
87-->src\main\AndroidManifest.xml:24:23-70
88            </intent-filter>
89        </activity>
90
91        <service
91-->[:react-native-firebase_messaging] AndroidManifest.xml:12:9-14:40
92            android:name="io.invertase.firebase.messaging.ReactNativeFirebaseMessagingHeadlessService"
92-->[:react-native-firebase_messaging] AndroidManifest.xml:13:13-103
93            android:exported="false" />
93-->[:react-native-firebase_messaging] AndroidManifest.xml:14:13-37
94        <service
94-->[:react-native-firebase_messaging] AndroidManifest.xml:15:9-21:19
95            android:name="io.invertase.firebase.messaging.ReactNativeFirebaseMessagingService"
95-->[:react-native-firebase_messaging] AndroidManifest.xml:16:13-95
96            android:exported="false" >
96-->[:react-native-firebase_messaging] AndroidManifest.xml:17:13-37
97            <intent-filter>
97-->[:react-native-firebase_messaging] AndroidManifest.xml:18:13-20:29
98                <action android:name="com.google.firebase.MESSAGING_EVENT" />
98-->[:react-native-firebase_messaging] AndroidManifest.xml:19:17-78
98-->[:react-native-firebase_messaging] AndroidManifest.xml:19:25-75
99            </intent-filter>
100        </service>
101
102        <receiver
102-->[:react-native-firebase_messaging] AndroidManifest.xml:23:9-30:20
103            android:name="io.invertase.firebase.messaging.ReactNativeFirebaseMessagingReceiver"
103-->[:react-native-firebase_messaging] AndroidManifest.xml:24:13-96
104            android:exported="true"
104-->[:react-native-firebase_messaging] AndroidManifest.xml:25:13-36
105            android:permission="com.google.android.c2dm.permission.SEND" >
105-->[:react-native-firebase_messaging] AndroidManifest.xml:26:13-73
106            <intent-filter>
106-->[:react-native-firebase_messaging] AndroidManifest.xml:27:13-29:29
107                <action android:name="com.google.android.c2dm.intent.RECEIVE" />
107-->[:react-native-firebase_messaging] AndroidManifest.xml:28:17-81
107-->[:react-native-firebase_messaging] AndroidManifest.xml:28:25-78
108            </intent-filter>
109        </receiver>
110
111        <meta-data
111-->[:react-native-firebase_messaging] AndroidManifest.xml:32:9-34:36
112            android:name="firebase_messaging_auto_init_enabled"
112-->[:react-native-firebase_messaging] AndroidManifest.xml:33:13-64
113            android:value="true" />
113-->[:react-native-firebase_messaging] AndroidManifest.xml:34:13-33
114        <meta-data
114-->[:react-native-firebase_messaging] AndroidManifest.xml:35:9-37:32
115            android:name="com.google.firebase.messaging.default_notification_channel_id"
115-->[:react-native-firebase_messaging] AndroidManifest.xml:36:13-89
116            android:value="" />
116-->[:react-native-firebase_messaging] AndroidManifest.xml:37:13-29
117        <meta-data
117-->[:react-native-firebase_messaging] AndroidManifest.xml:38:9-40:47
118            android:name="com.google.firebase.messaging.default_notification_color"
118-->[:react-native-firebase_messaging] AndroidManifest.xml:39:13-84
119            android:resource="@color/white" />
119-->[:react-native-firebase_messaging] AndroidManifest.xml:40:13-44
120        <meta-data
120-->[:react-native-firebase_app] AndroidManifest.xml:9:9-11:36
121            android:name="app_data_collection_default_enabled"
121-->[:react-native-firebase_app] AndroidManifest.xml:10:13-63
122            android:value="true" />
122-->[:react-native-firebase_app] AndroidManifest.xml:11:13-33
123
124        <service
124-->[:react-native-firebase_app] AndroidManifest.xml:13:9-21:19
125            android:name="com.google.firebase.components.ComponentDiscoveryService"
125-->[:react-native-firebase_app] AndroidManifest.xml:14:13-84
126            android:directBootAware="true"
126-->[:react-native-firebase_app] AndroidManifest.xml:15:13-43
127            android:exported="false" >
127-->[:react-native-firebase_app] AndroidManifest.xml:16:13-37
128            <meta-data
128-->[:react-native-firebase_app] AndroidManifest.xml:18:13-20:85
129                android:name="com.google.firebase.components:io.invertase.firebase.app.ReactNativeFirebaseAppRegistrar"
129-->[:react-native-firebase_app] AndroidManifest.xml:19:17-120
130                android:value="com.google.firebase.components.ComponentRegistrar" />
130-->[:react-native-firebase_app] AndroidManifest.xml:20:17-82
131            <meta-data
131-->[com.google.firebase:firebase-messaging:23.4.0] AndroidManifest.xml:57:13-59:85
132                android:name="com.google.firebase.components:com.google.firebase.messaging.FirebaseMessagingKtxRegistrar"
132-->[com.google.firebase:firebase-messaging:23.4.0] AndroidManifest.xml:58:17-122
133                android:value="com.google.firebase.components.ComponentRegistrar" />
133-->[com.google.firebase:firebase-messaging:23.4.0] AndroidManifest.xml:59:17-82
134            <meta-data
134-->[com.google.firebase:firebase-messaging:23.4.0] AndroidManifest.xml:60:13-62:85
135                android:name="com.google.firebase.components:com.google.firebase.messaging.FirebaseMessagingRegistrar"
135-->[com.google.firebase:firebase-messaging:23.4.0] AndroidManifest.xml:61:17-119
136                android:value="com.google.firebase.components.ComponentRegistrar" />
136-->[com.google.firebase:firebase-messaging:23.4.0] AndroidManifest.xml:62:17-82
137            <meta-data
137-->[com.google.firebase:firebase-installations:17.2.0] AndroidManifest.xml:15:13-17:85
138                android:name="com.google.firebase.components:com.google.firebase.installations.FirebaseInstallationsKtxRegistrar"
138-->[com.google.firebase:firebase-installations:17.2.0] AndroidManifest.xml:16:17-130
139                android:value="com.google.firebase.components.ComponentRegistrar" />
139-->[com.google.firebase:firebase-installations:17.2.0] AndroidManifest.xml:17:17-82
140            <meta-data
140-->[com.google.firebase:firebase-installations:17.2.0] AndroidManifest.xml:18:13-20:85
141                android:name="com.google.firebase.components:com.google.firebase.installations.FirebaseInstallationsRegistrar"
141-->[com.google.firebase:firebase-installations:17.2.0] AndroidManifest.xml:19:17-127
142                android:value="com.google.firebase.components.ComponentRegistrar" />
142-->[com.google.firebase:firebase-installations:17.2.0] AndroidManifest.xml:20:17-82
143            <meta-data
143-->[com.google.firebase:firebase-common-ktx:20.4.2] AndroidManifest.xml:12:13-14:85
144                android:name="com.google.firebase.components:com.google.firebase.ktx.FirebaseCommonLegacyRegistrar"
144-->[com.google.firebase:firebase-common-ktx:20.4.2] AndroidManifest.xml:13:17-116
145                android:value="com.google.firebase.components.ComponentRegistrar" />
145-->[com.google.firebase:firebase-common-ktx:20.4.2] AndroidManifest.xml:14:17-82
146            <meta-data
146-->[com.google.firebase:firebase-common:20.4.2] AndroidManifest.xml:35:13-37:85
147                android:name="com.google.firebase.components:com.google.firebase.FirebaseCommonKtxRegistrar"
147-->[com.google.firebase:firebase-common:20.4.2] AndroidManifest.xml:36:17-109
148                android:value="com.google.firebase.components.ComponentRegistrar" />
148-->[com.google.firebase:firebase-common:20.4.2] AndroidManifest.xml:37:17-82
149            <meta-data
149-->[com.google.firebase:firebase-datatransport:18.1.7] AndroidManifest.xml:27:13-29:85
150                android:name="com.google.firebase.components:com.google.firebase.datatransport.TransportRegistrar"
150-->[com.google.firebase:firebase-datatransport:18.1.7] AndroidManifest.xml:28:17-115
151                android:value="com.google.firebase.components.ComponentRegistrar" />
151-->[com.google.firebase:firebase-datatransport:18.1.7] AndroidManifest.xml:29:17-82
152        </service>
153
154        <provider
154-->[:react-native-firebase_app] AndroidManifest.xml:23:9-27:38
155            android:name="io.invertase.firebase.app.ReactNativeFirebaseAppInitProvider"
155-->[:react-native-firebase_app] AndroidManifest.xml:24:13-88
156            android:authorities="com.customerapp.reactnativefirebaseappinitprovider"
156-->[:react-native-firebase_app] AndroidManifest.xml:25:13-86
157            android:exported="false"
157-->[:react-native-firebase_app] AndroidManifest.xml:26:13-37
158            android:initOrder="99" />
158-->[:react-native-firebase_app] AndroidManifest.xml:27:13-35
159        <provider
159-->[:react-native-image-picker] AndroidManifest.xml:8:9-16:20
160            android:name="com.imagepicker.ImagePickerProvider"
160-->[:react-native-image-picker] AndroidManifest.xml:9:13-63
161            android:authorities="com.customerapp.imagepickerprovider"
161-->[:react-native-image-picker] AndroidManifest.xml:10:13-71
162            android:exported="false"
162-->[:react-native-image-picker] AndroidManifest.xml:11:13-37
163            android:grantUriPermissions="true" >
163-->[:react-native-image-picker] AndroidManifest.xml:12:13-47
164            <meta-data
164-->[:react-native-image-picker] AndroidManifest.xml:13:13-15:70
165                android:name="android.support.FILE_PROVIDER_PATHS"
165-->[:react-native-image-picker] AndroidManifest.xml:14:17-67
166                android:resource="@xml/imagepicker_provider_paths" />
166-->[:react-native-image-picker] AndroidManifest.xml:15:17-67
167        </provider>
168
169        <activity
169-->[:react-native-razorpay] AndroidManifest.xml:8:9-10:86
170            android:name="com.razorpay.CheckoutActivity"
170-->[:react-native-razorpay] AndroidManifest.xml:9:13-57
171            android:configChanges="keyboard|keyboardHidden|orientation|screenSize"
171-->[:react-native-razorpay] AndroidManifest.xml:10:13-83
172            android:exported="false"
172-->[com.razorpay:standard-core:1.7.1] AndroidManifest.xml:45:13-37
173            android:theme="@style/CheckoutTheme" >
173-->[com.razorpay:standard-core:1.7.1] AndroidManifest.xml:46:13-49
174            <intent-filter>
174-->[com.razorpay:standard-core:1.7.1] AndroidManifest.xml:47:13-49:29
175                <action android:name="android.intent.action.MAIN" />
175-->src\main\AndroidManifest.xml:23:13-65
175-->src\main\AndroidManifest.xml:23:21-62
176            </intent-filter>
177        </activity>
178        <activity
178-->[com.facebook.react:react-android:0.73.6] AndroidManifest.xml:19:9-21:40
179            android:name="com.facebook.react.devsupport.DevSettingsActivity"
179-->[com.facebook.react:react-android:0.73.6] AndroidManifest.xml:20:13-77
180            android:exported="false" />
180-->[com.facebook.react:react-android:0.73.6] AndroidManifest.xml:21:13-37
181
182        <receiver
182-->[com.google.firebase:firebase-messaging:23.4.0] AndroidManifest.xml:29:9-40:20
183            android:name="com.google.firebase.iid.FirebaseInstanceIdReceiver"
183-->[com.google.firebase:firebase-messaging:23.4.0] AndroidManifest.xml:30:13-78
184            android:exported="true"
184-->[com.google.firebase:firebase-messaging:23.4.0] AndroidManifest.xml:31:13-36
185            android:permission="com.google.android.c2dm.permission.SEND" >
185-->[com.google.firebase:firebase-messaging:23.4.0] AndroidManifest.xml:32:13-73
186            <intent-filter>
186-->[:react-native-firebase_messaging] AndroidManifest.xml:27:13-29:29
187                <action android:name="com.google.android.c2dm.intent.RECEIVE" />
187-->[:react-native-firebase_messaging] AndroidManifest.xml:28:17-81
187-->[:react-native-firebase_messaging] AndroidManifest.xml:28:25-78
188            </intent-filter>
189
190            <meta-data
190-->[com.google.firebase:firebase-messaging:23.4.0] AndroidManifest.xml:37:13-39:40
191                android:name="com.google.android.gms.cloudmessaging.FINISHED_AFTER_HANDLED"
191-->[com.google.firebase:firebase-messaging:23.4.0] AndroidManifest.xml:38:17-92
192                android:value="true" />
192-->[com.google.firebase:firebase-messaging:23.4.0] AndroidManifest.xml:39:17-37
193        </receiver>
194        <!--
195             FirebaseMessagingService performs security checks at runtime,
196             but set to not exported to explicitly avoid allowing another app to call it.
197        -->
198        <service
198-->[com.google.firebase:firebase-messaging:23.4.0] AndroidManifest.xml:46:9-53:19
199            android:name="com.google.firebase.messaging.FirebaseMessagingService"
199-->[com.google.firebase:firebase-messaging:23.4.0] AndroidManifest.xml:47:13-82
200            android:directBootAware="true"
200-->[com.google.firebase:firebase-messaging:23.4.0] AndroidManifest.xml:48:13-43
201            android:exported="false" >
201-->[com.google.firebase:firebase-messaging:23.4.0] AndroidManifest.xml:49:13-37
202            <intent-filter android:priority="-500" >
202-->[:react-native-firebase_messaging] AndroidManifest.xml:18:13-20:29
203                <action android:name="com.google.firebase.MESSAGING_EVENT" />
203-->[:react-native-firebase_messaging] AndroidManifest.xml:19:17-78
203-->[:react-native-firebase_messaging] AndroidManifest.xml:19:25-75
204            </intent-filter>
205        </service>
206
207        <provider
207-->[com.google.firebase:firebase-common:20.4.2] AndroidManifest.xml:23:9-28:39
208            android:name="com.google.firebase.provider.FirebaseInitProvider"
208-->[com.google.firebase:firebase-common:20.4.2] AndroidManifest.xml:24:13-77
209            android:authorities="com.customerapp.firebaseinitprovider"
209-->[com.google.firebase:firebase-common:20.4.2] AndroidManifest.xml:25:13-72
210            android:directBootAware="true"
210-->[com.google.firebase:firebase-common:20.4.2] AndroidManifest.xml:26:13-43
211            android:exported="false"
211-->[com.google.firebase:firebase-common:20.4.2] AndroidManifest.xml:27:13-37
212            android:initOrder="100" />
212-->[com.google.firebase:firebase-common:20.4.2] AndroidManifest.xml:28:13-36
213        <provider
213-->[com.razorpay:standard-core:1.7.1] AndroidManifest.xml:52:9-60:20
214            android:name="androidx.startup.InitializationProvider"
214-->[com.razorpay:standard-core:1.7.1] AndroidManifest.xml:53:13-67
215            android:authorities="com.customerapp.androidx-startup"
215-->[com.razorpay:standard-core:1.7.1] AndroidManifest.xml:54:13-68
216            android:exported="false" >
216-->[com.razorpay:standard-core:1.7.1] AndroidManifest.xml:55:13-37
217            <meta-data
217-->[com.razorpay:standard-core:1.7.1] AndroidManifest.xml:57:13-59:52
218                android:name="com.razorpay.RazorpayInitializer"
218-->[com.razorpay:standard-core:1.7.1] AndroidManifest.xml:58:17-64
219                android:value="androidx.startup" />
219-->[com.razorpay:standard-core:1.7.1] AndroidManifest.xml:59:17-49
220            <meta-data
220-->[androidx.emoji2:emoji2:1.2.0] AndroidManifest.xml:29:13-31:52
221                android:name="androidx.emoji2.text.EmojiCompatInitializer"
221-->[androidx.emoji2:emoji2:1.2.0] AndroidManifest.xml:30:17-75
222                android:value="androidx.startup" />
222-->[androidx.emoji2:emoji2:1.2.0] AndroidManifest.xml:31:17-49
223            <meta-data
223-->[androidx.lifecycle:lifecycle-process:2.4.1] AndroidManifest.xml:31:13-33:52
224                android:name="androidx.lifecycle.ProcessLifecycleInitializer"
224-->[androidx.lifecycle:lifecycle-process:2.4.1] AndroidManifest.xml:32:17-78
225                android:value="androidx.startup" />
225-->[androidx.lifecycle:lifecycle-process:2.4.1] AndroidManifest.xml:33:17-49
226        </provider>
227
228        <activity
228-->[com.razorpay:standard-core:1.7.1] AndroidManifest.xml:62:9-65:75
229            android:name="com.razorpay.MagicXActivity"
229-->[com.razorpay:standard-core:1.7.1] AndroidManifest.xml:63:13-55
230            android:exported="false"
230-->[com.razorpay:standard-core:1.7.1] AndroidManifest.xml:64:13-37
231            android:theme="@android:style/Theme.Translucent.NoTitleBar" />
231-->[com.razorpay:standard-core:1.7.1] AndroidManifest.xml:65:13-72
232
233        <meta-data
233-->[com.razorpay:standard-core:1.7.1] AndroidManifest.xml:67:9-69:58
234            android:name="com.razorpay.plugin.googlepay_all"
234-->[com.razorpay:standard-core:1.7.1] AndroidManifest.xml:68:13-61
235            android:value="com.razorpay.RzpGpayMerged" />
235-->[com.razorpay:standard-core:1.7.1] AndroidManifest.xml:69:13-55
236
237        <activity
237-->[com.google.android.gms:play-services-auth:21.1.0] AndroidManifest.xml:23:9-27:75
238            android:name="com.google.android.gms.auth.api.signin.internal.SignInHubActivity"
238-->[com.google.android.gms:play-services-auth:21.1.0] AndroidManifest.xml:24:13-93
239            android:excludeFromRecents="true"
239-->[com.google.android.gms:play-services-auth:21.1.0] AndroidManifest.xml:25:13-46
240            android:exported="false"
240-->[com.google.android.gms:play-services-auth:21.1.0] AndroidManifest.xml:26:13-37
241            android:theme="@android:style/Theme.Translucent.NoTitleBar" />
241-->[com.google.android.gms:play-services-auth:21.1.0] AndroidManifest.xml:27:13-72
242        <!--
243            Service handling Google Sign-In user revocation. For apps that do not integrate with
244            Google Sign-In, this service will never be started.
245        -->
246        <service
246-->[com.google.android.gms:play-services-auth:21.1.0] AndroidManifest.xml:33:9-37:51
247            android:name="com.google.android.gms.auth.api.signin.RevocationBoundService"
247-->[com.google.android.gms:play-services-auth:21.1.0] AndroidManifest.xml:34:13-89
248            android:exported="true"
248-->[com.google.android.gms:play-services-auth:21.1.0] AndroidManifest.xml:35:13-36
249            android:permission="com.google.android.gms.auth.api.signin.permission.REVOCATION_NOTIFICATION"
249-->[com.google.android.gms:play-services-auth:21.1.0] AndroidManifest.xml:36:13-107
250            android:visibleToInstantApps="true" /> <!-- Needs to be explicitly declared on P+ -->
250-->[com.google.android.gms:play-services-auth:21.1.0] AndroidManifest.xml:37:13-48
251        <uses-library
251-->[com.google.android.gms:play-services-maps:17.0.0] AndroidManifest.xml:33:9-35:40
252            android:name="org.apache.http.legacy"
252-->[com.google.android.gms:play-services-maps:17.0.0] AndroidManifest.xml:34:13-50
253            android:required="false" />
253-->[com.google.android.gms:play-services-maps:17.0.0] AndroidManifest.xml:35:13-37
254
255        <activity
255-->[com.google.android.gms:play-services-base:18.3.0] AndroidManifest.xml:20:9-22:45
256            android:name="com.google.android.gms.common.api.GoogleApiActivity"
256-->[com.google.android.gms:play-services-base:18.3.0] AndroidManifest.xml:20:19-85
257            android:exported="false"
257-->[com.google.android.gms:play-services-base:18.3.0] AndroidManifest.xml:22:19-43
258            android:theme="@android:style/Theme.Translucent.NoTitleBar" />
258-->[com.google.android.gms:play-services-base:18.3.0] AndroidManifest.xml:21:19-78
259
260        <meta-data
260-->[com.google.android.gms:play-services-basement:18.3.0] AndroidManifest.xml:21:9-23:69
261            android:name="com.google.android.gms.version"
261-->[com.google.android.gms:play-services-basement:18.3.0] AndroidManifest.xml:22:13-58
262            android:value="@integer/google_play_services_version" />
262-->[com.google.android.gms:play-services-basement:18.3.0] AndroidManifest.xml:23:13-66
263
264        <service
264-->[com.google.android.datatransport:transport-backend-cct:3.1.8] AndroidManifest.xml:28:9-34:19
265            android:name="com.google.android.datatransport.runtime.backends.TransportBackendDiscovery"
265-->[com.google.android.datatransport:transport-backend-cct:3.1.8] AndroidManifest.xml:29:13-103
266            android:exported="false" >
266-->[com.google.android.datatransport:transport-backend-cct:3.1.8] AndroidManifest.xml:30:13-37
267            <meta-data
267-->[com.google.android.datatransport:transport-backend-cct:3.1.8] AndroidManifest.xml:31:13-33:39
268                android:name="backend:com.google.android.datatransport.cct.CctBackendFactory"
268-->[com.google.android.datatransport:transport-backend-cct:3.1.8] AndroidManifest.xml:32:17-94
269                android:value="cct" />
269-->[com.google.android.datatransport:transport-backend-cct:3.1.8] AndroidManifest.xml:33:17-36
270        </service>
271        <service
271-->[com.google.android.datatransport:transport-runtime:3.1.8] AndroidManifest.xml:26:9-30:19
272            android:name="com.google.android.datatransport.runtime.scheduling.jobscheduling.JobInfoSchedulerService"
272-->[com.google.android.datatransport:transport-runtime:3.1.8] AndroidManifest.xml:27:13-117
273            android:exported="false"
273-->[com.google.android.datatransport:transport-runtime:3.1.8] AndroidManifest.xml:28:13-37
274            android:permission="android.permission.BIND_JOB_SERVICE" >
274-->[com.google.android.datatransport:transport-runtime:3.1.8] AndroidManifest.xml:29:13-69
275        </service>
276
277        <receiver
277-->[com.google.android.datatransport:transport-runtime:3.1.8] AndroidManifest.xml:32:9-34:40
278            android:name="com.google.android.datatransport.runtime.scheduling.jobscheduling.AlarmManagerSchedulerBroadcastReceiver"
278-->[com.google.android.datatransport:transport-runtime:3.1.8] AndroidManifest.xml:33:13-132
279            android:exported="false" />
279-->[com.google.android.datatransport:transport-runtime:3.1.8] AndroidManifest.xml:34:13-37
280
281        <meta-data
281-->[com.facebook.soloader:soloader:0.10.5] AndroidManifest.xml:12:9-14:37
282            android:name="com.facebook.soloader.enabled"
282-->[com.facebook.soloader:soloader:0.10.5] AndroidManifest.xml:13:13-57
283            android:value="false" />
283-->[com.facebook.soloader:soloader:0.10.5] AndroidManifest.xml:14:13-34
284
285        <activity